<?xml version="1.0" encoding="UTF-8" ?>
<testsuite errors="0" failures="0" hostname="INkeerthas.local" name="com.thoughtworks.biblioteca.QuitMenuOptionTest" skipped="0" tests="1" time="0.24" timestamp="2015-09-16T07:43:51">
  <properties>
    <property name="java.vendor" value="Oracle Corporation" />
    <property name="coverage.summaryxml.dir" value="reports/cobertura-summary-xml" />
    <property name="sun.java.launcher" value="SUN_STANDARD" />
    <property name="sun.management.compiler" value="HotSpot 64-Bit Tiered Compilers" />
    <property name="os.name" value="Mac OS X" />
    <property name="sun.boot.class.path" value="/Library/Java/JavaVirtualMachines/jdk1.7.0_79.jdk/Contents/Home/jre/lib/resources.jar:/Library/Java/JavaVirtualMachines/jdk1.7.0_79.jdk/Contents/Home/jre/lib/rt.jar:/Library/Java/JavaVirtualMachines/jdk1.7.0_79.jdk/Contents/Home/jre/lib/sunrsasign.jar:/Library/Java/JavaVirtualMachines/jdk1.7.0_79.jdk/Contents/Home/jre/lib/jsse.jar:/Library/Java/JavaVirtualMachines/jdk1.7.0_79.jdk/Contents/Home/jre/lib/jce.jar:/Library/Java/JavaVirtualMachines/jdk1.7.0_79.jdk/Contents/Home/jre/lib/charsets.jar:/Library/Java/JavaVirtualMachines/jdk1.7.0_79.jdk/Contents/Home/jre/lib/jfr.jar:/Library/Java/JavaVirtualMachines/jdk1.7.0_79.jdk/Contents/Home/jre/classes" />
    <property name="reports.html.dir" value="reports/junit-html" />
    <property name="user.country.format" value="IN" />
    <property name="java.vm.specification.vendor" value="Oracle Corporation" />
    <property name="ant.home" value="/usr/local/Cellar/ant/1.9.6/libexec" />
    <property name="java.runtime.version" value="1.7.0_79-b15" />
    <property name="integration.dir" value="integration_tests" />
    <property name="cobertura.dir" value="." />
    <property name="user.name" value="keerthas" />
    <property name="user.language" value="en" />
    <property name="sun.boot.library.path" value="/Library/Java/JavaVirtualMachines/jdk1.7.0_79.jdk/Contents/Home/jre/lib" />
    <property name="reports.dir" value="reports" />
    <property name="ant.project.default-target" value="coverage" />
    <property name="ant.project.name" value="cobertura.examples.basic" />
    <property name="ant.file.cobertura.examples.basic" value="/Users/keerthas/IdeaProjects/Biblioteca/build.xml" />
    <property name="java.version" value="1.7.0_79" />
    <property name="coverage.html.dir" value="reports/cobertura-html" />
    <property name="user.timezone" value="" />
    <property name="sun.arch.data.model" value="64" />
    <property name="http.nonProxyHosts" value="local|*.local|169.254/16|*.169.254/16" />
    <property name="java.endorsed.dirs" value="/Library/Java/JavaVirtualMachines/jdk1.7.0_79.jdk/Contents/Home/jre/lib/endorsed" />
    <property name="sun.cpu.isalist" value="" />
    <property name="sun.jnu.encoding" value="UTF-8" />
    <property name="file.encoding.pkg" value="sun.io" />
    <property name="file.separator" value="/" />
    <property name="java.specification.name" value="Java Platform API Specification" />
    <property name="classes.dir" value="out" />
    <property name="java.class.version" value="51.0" />
    <property name="user.country" value="US" />
    <property name="java.home" value="/Library/Java/JavaVirtualMachines/jdk1.7.0_79.jdk/Contents/Home/jre" />
    <property name="java.vm.info" value="mixed mode" />
    <property name="ant.file.type.cobertura.examples.basic" value="file" />
    <property name="ant.file" value="/Users/keerthas/IdeaProjects/Biblioteca/build.xml" />
    <property name="os.version" value="10.9.5" />
    <property name="path.separator" value=":" />
    <property name="java.vm.version" value="24.79-b02" />
    <property name="ant.library.dir" value="/usr/local/Cellar/ant/1.9.6/libexec/lib" />
    <property name="java.awt.printerjob" value="sun.lwawt.macosx.CPrinterJob" />
    <property name="sun.io.unicode.encoding" value="UnicodeBig" />
    <property name="awt.toolkit" value="sun.lwawt.macosx.LWCToolkit" />
    <property name="socksNonProxyHosts" value="local|*.local|169.254/16|*.169.254/16" />
    <property name="ftp.nonProxyHosts" value="local|*.local|169.254/16|*.169.254/16" />
    <property name="reports.xml.dir" value="reports/junit-xml" />
    <property name="user.home" value="/Users/keerthas" />
    <property name="java.specification.vendor" value="Oracle Corporation" />
    <property name="coverage.xml.dir" value="reports/cobertura-xml" />
    <property name="test.dir" value="test" />
    <property name="java.library.path" value="/Users/keerthas/Library/Java/Extensions:/Library/Java/Extensions:/Network/Library/Java/Extensions:/System/Library/Java/Extensions:/usr/lib/java:." />
    <property name="java.vendor.url" value="http://java.oracle.com/" />
    <property name="java.vm.vendor" value="Oracle Corporation" />
    <property name="gopherProxySet" value="false" />
    <property name="java.runtime.name" value="Java(TM) SE Runtime Environment" />
    <property name="sun.java.command" value="org.apache.tools.ant.taskdefs.optional.junit.JUnitTestRunner com.thoughtworks.biblioteca.QuitMenuOptionTest skipNonTests=false filtertrace=true haltOnError=false haltOnFailure=true formatter=org.apache.tools.ant.taskdefs.optional.junit.SummaryJUnitResultFormatter showoutput=false outputtoformatters=true logfailedtests=true threadid=0 logtestlistenerevents=false formatter=org.apache.tools.ant.taskdefs.optional.junit.XMLJUnitResultFormatter,/Users/keerthas/IdeaProjects/Biblioteca/reports/junit-xml/TEST-com.thoughtworks.biblioteca.QuitMenuOptionTest.xml crashfile=/Users/keerthas/IdeaProjects/Biblioteca/junitvmwatcher2204665602655201172.properties propsfile=/Users/keerthas/IdeaProjects/Biblioteca/junit5455088065765408600.properties" />
    <property name="java.class.path" value="/Users/keerthas/IdeaProjects/Biblioteca/instrumented:/Users/keerthas/IdeaProjects/Biblioteca/out:/Users/keerthas/IdeaProjects/Biblioteca/lib/asm-5.0.1.jar:/Users/keerthas/IdeaProjects/Biblioteca/lib/asm-analysis-5.0.1.jar:/Users/keerthas/IdeaProjects/Biblioteca/lib/asm-commons-5.0.1.jar:/Users/keerthas/IdeaProjects/Biblioteca/lib/asm-tree-5.0.1.jar:/Users/keerthas/IdeaProjects/Biblioteca/lib/asm-util-5.0.1.jar:/Users/keerthas/IdeaProjects/Biblioteca/lib/cobertura-2.1.1-javadoc.jar:/Users/keerthas/IdeaProjects/Biblioteca/lib/cobertura-2.1.1-sources.jar:/Users/keerthas/IdeaProjects/Biblioteca/lib/cobertura-2.1.1.jar:/Users/keerthas/IdeaProjects/Biblioteca/lib/commons-lang3-3.3.2.jar:/Users/keerthas/IdeaProjects/Biblioteca/lib/hamcrest-core-1.3.jar:/Users/keerthas/IdeaProjects/Biblioteca/lib/jacocoant.jar:/Users/keerthas/IdeaProjects/Biblioteca/lib/jaxen-1.1.4.jar:/Users/keerthas/IdeaProjects/Biblioteca/lib/jetty-6.1.14.jar:/Users/keerthas/IdeaProjects/Biblioteca/lib/jetty-util-6.1.14.jar:/Users/keerthas/IdeaProjects/Biblioteca/lib/junit-4.12.jar:/Users/keerthas/IdeaProjects/Biblioteca/lib/logback-classic-1.0.13.jar:/Users/keerthas/IdeaProjects/Biblioteca/lib/logback-core-1.0.13.jar:/Users/keerthas/IdeaProjects/Biblioteca/lib/mockito-all-1.9.5.jar:/Users/keerthas/IdeaProjects/Biblioteca/lib/oro-2.0.8.jar:/Users/keerthas/IdeaProjects/Biblioteca/lib/powermock-mockito-1.4.8-full.jar:/Users/keerthas/IdeaProjects/Biblioteca/lib/servlet-api-2.5-6.1.14.jar:/Users/keerthas/IdeaProjects/Biblioteca/lib/slf4j-api-1.7.5.jar:/Users/keerthas/IdeaProjects/Biblioteca/lib/system-rules-1.12.0.jar:/usr/local/Cellar/ant/1.9.6/libexec/lib/ant-launcher.jar:/usr/local/Cellar/ant/1.9.6/libexec/lib/ant.jar:/usr/local/Cellar/ant/1.9.6/libexec/lib/ant-junit.jar:/usr/local/Cellar/ant/1.9.6/libexec/lib/ant-junit4.jar" />
    <property name="ant.version" value="Apache Ant(TM) version 1.9.6 compiled on June 29 2015" />
    <property name="java.vm.specification.name" value="Java Virtual Machine Specification" />
    <property name="ant.file.type" value="file" />
    <property name="java.vm.specification.version" value="1.7" />
    <property name="sun.cpu.endian" value="little" />
    <property name="sun.os.patch.level" value="unknown" />
    <property name="java.io.tmpdir" value="/var/folders/m8/lr6xtvfj6173m99_dwh4c4c00000gp/T/" />
    <property name="java.vendor.url.bug" value="http://bugreport.sun.com/bugreport/" />
    <property name="os.arch" value="x86_64" />
    <property name="java.awt.graphicsenv" value="sun.awt.CGraphicsEnvironment" />
    <property name="instrumented.dir" value="instrumented" />
    <property name="java.ext.dirs" value="/Users/keerthas/Library/Java/Extensions:/Library/Java/JavaVirtualMachines/jdk1.7.0_79.jdk/Contents/Home/jre/lib/ext:/Library/Java/Extensions:/Network/Library/Java/Extensions:/System/Library/Java/Extensions:/usr/lib/java" />
    <property name="user.dir" value="/Users/keerthas/IdeaProjects/Biblioteca" />
    <property name="line.separator" value="&#xa;" />
    <property name="java.vm.name" value="Java HotSpot(TM) 64-Bit Server VM" />
    <property name="basedir" value="/Users/keerthas/IdeaProjects/Biblioteca" />
    <property name="ant.java.version" value="1.7" />
    <property name="ant.core.lib" value="/usr/local/Cellar/ant/1.9.6/libexec/lib/ant.jar" />
    <property name="file.encoding" value="UTF-8" />
    <property name="java.specification.version" value="1.7" />
    <property name="src.dir" value="src" />
    <property name="ant.project.invoked-targets" value="coverage" />
  </properties>
  <testcase classname="com.thoughtworks.biblioteca.QuitMenuOptionTest" name="shouldExitIfOptionTwoIsChosen" time="0.183" />
  <system-out><![CDATA[13:13:51,936 |-INFO in ch.qos.logback.classic.LoggerContext[default] - Could NOT find resource [logback.groovy]
13:13:51,937 |-INFO in ch.qos.logback.classic.LoggerContext[default] - Could NOT find resource [logback-test.xml]
13:13:51,937 |-INFO in ch.qos.logback.classic.LoggerContext[default] - Found resource [logback.xml] at [jar:file:/Users/keerthas/IdeaProjects/Biblioteca/lib/cobertura-2.1.1-sources.jar!/logback.xml]
13:13:51,938 |-WARN in ch.qos.logback.classic.LoggerContext[default] - Resource [logback.xml] occurs multiple times on the classpath.
13:13:51,939 |-WARN in ch.qos.logback.classic.LoggerContext[default] - Resource [logback.xml] occurs at [jar:file:/Users/keerthas/IdeaProjects/Biblioteca/lib/cobertura-2.1.1-sources.jar!/logback.xml]
13:13:51,939 |-WARN in ch.qos.logback.classic.LoggerContext[default] - Resource [logback.xml] occurs at [jar:file:/Users/keerthas/IdeaProjects/Biblioteca/lib/cobertura-2.1.1.jar!/logback.xml]
13:13:51,958 |-INFO in ch.qos.logback.core.joran.spi.ConfigurationWatchList@193d22b1 - URL [jar:file:/Users/keerthas/IdeaProjects/Biblioteca/lib/cobertura-2.1.1-sources.jar!/logback.xml] is not of type file
13:13:51,998 |-INFO in ch.qos.logback.classic.joran.action.ConfigurationAction - debug attribute not set
13:13:52,000 |-INFO in ch.qos.logback.core.joran.action.AppenderAction - About to instantiate appender of type [ch.qos.logback.core.ConsoleAppender]
13:13:52,010 |-INFO in ch.qos.logback.core.joran.action.AppenderAction - Naming appender as [STDOUT]
13:13:52,033 |-INFO in ch.qos.logback.core.joran.action.NestedComplexPropertyIA - Assuming default type [ch.qos.logback.classic.encoder.PatternLayoutEncoder] for [encoder] property
13:13:52,070 |-INFO in ch.qos.logback.classic.joran.action.LoggerAction - Setting level of logger [net.sourceforge.cobertura] to INFO
13:13:52,070 |-INFO in ch.qos.logback.classic.joran.action.RootLoggerAction - Setting level of ROOT logger to DEBUG
13:13:52,070 |-INFO in ch.qos.logback.core.joran.action.AppenderRefAction - Attaching appender named [STDOUT] to Logger[ROOT]
13:13:52,071 |-INFO in ch.qos.logback.classic.joran.action.ConfigurationAction - End of configuration.
13:13:52,071 |-INFO in ch.qos.logback.classic.joran.JoranConfigurator@7cb09f68 - Registering current configuration as safe fallback point

]]></system-out>
  <system-err><![CDATA[]]></system-err>
</testsuite>
